<?xml version="1.0" encoding="UTF-8"?>
<testsuite xmlns:xsi="http://www.w3.org/2001/XMLSchema-instance" xsi:noNamespaceSchemaLocation="https://maven.apache.org/surefire/maven-surefire-plugin/xsd/surefire-test-report-3.0.xsd" version="3.0" name="com.crud.project_root.ProjectRootApplicationTests" time="6.491" tests="1" errors="0" skipped="0" failures="0">
  <properties>
    <property name="java.specification.version" value="17"/>
    <property name="sun.jnu.encoding" value="UTF-8"/>
    <property name="java.class.path" value="/home/ledilson/ProjetosJava/project-root/target/test-classes:/home/ledilson/ProjetosJava/project-root/target/classes:/home/ledilson/.m2/repository/org/springframework/boot/spring-boot-starter-data-jpa/3.2.8/spring-boot-starter-data-jpa-3.2.8.jar:/home/ledilson/.m2/repository/org/springframework/boot/spring-boot-starter-aop/3.2.8/spring-boot-starter-aop-3.2.8.jar:/home/ledilson/.m2/repository/org/aspectj/aspectjweaver/1.9.22.1/aspectjweaver-1.9.22.1.jar:/home/ledilson/.m2/repository/org/springframework/boot/spring-boot-starter-jdbc/3.2.8/spring-boot-starter-jdbc-3.2.8.jar:/home/ledilson/.m2/repository/com/zaxxer/HikariCP/5.0.1/HikariCP-5.0.1.jar:/home/ledilson/.m2/repository/org/springframework/spring-jdbc/6.1.11/spring-jdbc-6.1.11.jar:/home/ledilson/.m2/repository/org/hibernate/orm/hibernate-core/6.4.9.Final/hibernate-core-6.4.9.Final.jar:/home/ledilson/.m2/repository/jakarta/persistence/jakarta.persistence-api/3.1.0/jakarta.persistence-api-3.1.0.jar:/home/ledilson/.m2/repository/jakarta/transaction/jakarta.transaction-api/2.0.1/jakarta.transaction-api-2.0.1.jar:/home/ledilson/.m2/repository/org/hibernate/common/hibernate-commons-annotations/6.0.6.Final/hibernate-commons-annotations-6.0.6.Final.jar:/home/ledilson/.m2/repository/io/smallrye/jandex/3.1.2/jandex-3.1.2.jar:/home/ledilson/.m2/repository/com/fasterxml/classmate/1.6.0/classmate-1.6.0.jar:/home/ledilson/.m2/repository/net/bytebuddy/byte-buddy/1.14.18/byte-buddy-1.14.18.jar:/home/ledilson/.m2/repository/org/glassfish/jaxb/jaxb-runtime/4.0.5/jaxb-runtime-4.0.5.jar:/home/ledilson/.m2/repository/org/glassfish/jaxb/jaxb-core/4.0.5/jaxb-core-4.0.5.jar:/home/ledilson/.m2/repository/org/eclipse/angus/angus-activation/2.0.2/angus-activation-2.0.2.jar:/home/ledilson/.m2/repository/org/glassfish/jaxb/txw2/4.0.5/txw2-4.0.5.jar:/home/ledilson/.m2/repository/com/sun/istack/istack-commons-runtime/4.1.2/istack-commons-runtime-4.1.2.jar:/home/ledilson/.m2/repository/jakarta/inject/jakarta.inject-api/2.0.1/jakarta.inject-api-2.0.1.jar:/home/ledilson/.m2/repository/org/antlr/antlr4-runtime/4.13.0/antlr4-runtime-4.13.0.jar:/home/ledilson/.m2/repository/org/springframework/data/spring-data-jpa/3.2.8/spring-data-jpa-3.2.8.jar:/home/ledilson/.m2/repository/org/springframework/data/spring-data-commons/3.2.8/spring-data-commons-3.2.8.jar:/home/ledilson/.m2/repository/org/springframework/spring-orm/6.1.11/spring-orm-6.1.11.jar:/home/ledilson/.m2/repository/org/springframework/spring-context/6.1.11/spring-context-6.1.11.jar:/home/ledilson/.m2/repository/org/springframework/spring-tx/6.1.11/spring-tx-6.1.11.jar:/home/ledilson/.m2/repository/org/springframework/spring-beans/6.1.11/spring-beans-6.1.11.jar:/home/ledilson/.m2/repository/jakarta/annotation/jakarta.annotation-api/2.1.1/jakarta.annotation-api-2.1.1.jar:/home/ledilson/.m2/repository/org/slf4j/slf4j-api/2.0.13/slf4j-api-2.0.13.jar:/home/ledilson/.m2/repository/org/springframework/spring-aspects/6.1.11/spring-aspects-6.1.11.jar:/home/ledilson/.m2/repository/org/springframework/boot/spring-boot-starter-web/3.2.8/spring-boot-starter-web-3.2.8.jar:/home/ledilson/.m2/repository/org/springframework/boot/spring-boot-starter/3.2.8/spring-boot-starter-3.2.8.jar:/home/ledilson/.m2/repository/org/springframework/boot/spring-boot-starter-logging/3.2.8/spring-boot-starter-logging-3.2.8.jar:/home/ledilson/.m2/repository/ch/qos/logback/logback-classic/1.4.14/logback-classic-1.4.14.jar:/home/ledilson/.m2/repository/ch/qos/logback/logback-core/1.4.14/logback-core-1.4.14.jar:/home/ledilson/.m2/repository/org/apache/logging/log4j/log4j-to-slf4j/2.21.1/log4j-to-slf4j-2.21.1.jar:/home/ledilson/.m2/repository/org/apache/logging/log4j/log4j-api/2.21.1/log4j-api-2.21.1.jar:/home/ledilson/.m2/repository/org/slf4j/jul-to-slf4j/2.0.13/jul-to-slf4j-2.0.13.jar:/home/ledilson/.m2/repository/org/yaml/snakeyaml/2.2/snakeyaml-2.2.jar:/home/ledilson/.m2/repository/org/springframework/boot/spring-boot-starter-json/3.2.8/spring-boot-starter-json-3.2.8.jar:/home/ledilson/.m2/repository/com/fasterxml/jackson/datatype/jackson-datatype-jdk8/2.15.4/jackson-datatype-jdk8-2.15.4.jar:/home/ledilson/.m2/repository/com/fasterxml/jackson/datatype/jackson-datatype-jsr310/2.15.4/jackson-datatype-jsr310-2.15.4.jar:/home/ledilson/.m2/repository/com/fasterxml/jackson/module/jackson-module-parameter-names/2.15.4/jackson-module-parameter-names-2.15.4.jar:/home/ledilson/.m2/repository/org/springframework/boot/spring-boot-starter-tomcat/3.2.8/spring-boot-starter-tomcat-3.2.8.jar:/home/ledilson/.m2/repository/org/apache/tomcat/embed/tomcat-embed-core/10.1.26/tomcat-embed-core-10.1.26.jar:/home/ledilson/.m2/repository/org/apache/tomcat/embed/tomcat-embed-el/10.1.26/tomcat-embed-el-10.1.26.jar:/home/ledilson/.m2/repository/org/apache/tomcat/embed/tomcat-embed-websocket/10.1.26/tomcat-embed-websocket-10.1.26.jar:/home/ledilson/.m2/repository/org/springframework/spring-web/6.1.11/spring-web-6.1.11.jar:/home/ledilson/.m2/repository/io/micrometer/micrometer-observation/1.12.8/micrometer-observation-1.12.8.jar:/home/ledilson/.m2/repository/io/micrometer/micrometer-commons/1.12.8/micrometer-commons-1.12.8.jar:/home/ledilson/.m2/repository/org/springframework/spring-webmvc/6.1.11/spring-webmvc-6.1.11.jar:/home/ledilson/.m2/repository/org/springframework/spring-expression/6.1.11/spring-expression-6.1.11.jar:/home/ledilson/.m2/repository/org/springframework/boot/spring-boot-devtools/3.2.8/spring-boot-devtools-3.2.8.jar:/home/ledilson/.m2/repository/org/springframework/boot/spring-boot/3.2.8/spring-boot-3.2.8.jar:/home/ledilson/.m2/repository/org/springframework/boot/spring-boot-autoconfigure/3.2.8/spring-boot-autoconfigure-3.2.8.jar:/home/ledilson/.m2/repository/org/hibernate/orm/hibernate-community-dialects/6.4.1.Final/hibernate-community-dialects-6.4.1.Final.jar:/home/ledilson/.m2/repository/org/jboss/logging/jboss-logging/3.5.3.Final/jboss-logging-3.5.3.Final.jar:/home/ledilson/.m2/repository/org/postgresql/postgresql/42.6.2/postgresql-42.6.2.jar:/home/ledilson/.m2/repository/org/checkerframework/checker-qual/3.31.0/checker-qual-3.31.0.jar:/home/ledilson/.m2/repository/org/springframework/boot/spring-boot-starter-test/3.2.8/spring-boot-starter-test-3.2.8.jar:/home/ledilson/.m2/repository/org/springframework/boot/spring-boot-test/3.2.8/spring-boot-test-3.2.8.jar:/home/ledilson/.m2/repository/org/springframework/boot/spring-boot-test-autoconfigure/3.2.8/spring-boot-test-autoconfigure-3.2.8.jar:/home/ledilson/.m2/repository/com/jayway/jsonpath/json-path/2.9.0/json-path-2.9.0.jar:/home/ledilson/.m2/repository/jakarta/xml/bind/jakarta.xml.bind-api/4.0.2/jakarta.xml.bind-api-4.0.2.jar:/home/ledilson/.m2/repository/jakarta/activation/jakarta.activation-api/2.1.3/jakarta.activation-api-2.1.3.jar:/home/ledilson/.m2/repository/net/minidev/json-smart/2.5.1/json-smart-2.5.1.jar:/home/ledilson/.m2/repository/net/minidev/accessors-smart/2.5.1/accessors-smart-2.5.1.jar:/home/ledilson/.m2/repository/org/ow2/asm/asm/9.6/asm-9.6.jar:/home/ledilson/.m2/repository/org/assertj/assertj-core/3.24.2/assertj-core-3.24.2.jar:/home/ledilson/.m2/repository/org/awaitility/awaitility/4.2.1/awaitility-4.2.1.jar:/home/ledilson/.m2/repository/org/hamcrest/hamcrest/2.2/hamcrest-2.2.jar:/home/ledilson/.m2/repository/org/junit/jupiter/junit-jupiter/5.10.3/junit-jupiter-5.10.3.jar:/home/ledilson/.m2/repository/org/junit/jupiter/junit-jupiter-api/5.10.3/junit-jupiter-api-5.10.3.jar:/home/ledilson/.m2/repository/org/opentest4j/opentest4j/1.3.0/opentest4j-1.3.0.jar:/home/ledilson/.m2/repository/org/junit/platform/junit-platform-commons/1.10.3/junit-platform-commons-1.10.3.jar:/home/ledilson/.m2/repository/org/apiguardian/apiguardian-api/1.1.2/apiguardian-api-1.1.2.jar:/home/ledilson/.m2/repository/org/junit/jupiter/junit-jupiter-params/5.10.3/junit-jupiter-params-5.10.3.jar:/home/ledilson/.m2/repository/org/junit/jupiter/junit-jupiter-engine/5.10.3/junit-jupiter-engine-5.10.3.jar:/home/ledilson/.m2/repository/org/junit/platform/junit-platform-engine/1.10.3/junit-platform-engine-1.10.3.jar:/home/ledilson/.m2/repository/org/mockito/mockito-core/5.7.0/mockito-core-5.7.0.jar:/home/ledilson/.m2/repository/net/bytebuddy/byte-buddy-agent/1.14.18/byte-buddy-agent-1.14.18.jar:/home/ledilson/.m2/repository/org/objenesis/objenesis/3.3/objenesis-3.3.jar:/home/ledilson/.m2/repository/org/mockito/mockito-junit-jupiter/5.7.0/mockito-junit-jupiter-5.7.0.jar:/home/ledilson/.m2/repository/org/skyscreamer/jsonassert/1.5.3/jsonassert-1.5.3.jar:/home/ledilson/.m2/repository/com/vaadin/external/google/android-json/0.0.20131108.vaadin1/android-json-0.0.20131108.vaadin1.jar:/home/ledilson/.m2/repository/org/springframework/spring-core/6.1.11/spring-core-6.1.11.jar:/home/ledilson/.m2/repository/org/springframework/spring-jcl/6.1.11/spring-jcl-6.1.11.jar:/home/ledilson/.m2/repository/org/springframework/spring-test/6.1.11/spring-test-6.1.11.jar:/home/ledilson/.m2/repository/org/xmlunit/xmlunit-core/2.9.1/xmlunit-core-2.9.1.jar:/home/ledilson/.m2/repository/org/springdoc/springdoc-openapi-starter-webmvc-ui/2.5.0/springdoc-openapi-starter-webmvc-ui-2.5.0.jar:/home/ledilson/.m2/repository/org/springdoc/springdoc-openapi-starter-webmvc-api/2.5.0/springdoc-openapi-starter-webmvc-api-2.5.0.jar:/home/ledilson/.m2/repository/org/springdoc/springdoc-openapi-starter-common/2.5.0/springdoc-openapi-starter-common-2.5.0.jar:/home/ledilson/.m2/repository/io/swagger/core/v3/swagger-core-jakarta/2.2.21/swagger-core-jakarta-2.2.21.jar:/home/ledilson/.m2/repository/org/apache/commons/commons-lang3/3.13.0/commons-lang3-3.13.0.jar:/home/ledilson/.m2/repository/io/swagger/core/v3/swagger-annotations-jakarta/2.2.21/swagger-annotations-jakarta-2.2.21.jar:/home/ledilson/.m2/repository/io/swagger/core/v3/swagger-models-jakarta/2.2.21/swagger-models-jakarta-2.2.21.jar:/home/ledilson/.m2/repository/jakarta/validation/jakarta.validation-api/3.0.2/jakarta.validation-api-3.0.2.jar:/home/ledilson/.m2/repository/com/fasterxml/jackson/dataformat/jackson-dataformat-yaml/2.15.4/jackson-dataformat-yaml-2.15.4.jar:/home/ledilson/.m2/repository/org/webjars/swagger-ui/5.13.0/swagger-ui-5.13.0.jar:/home/ledilson/.m2/repository/org/springframework/boot/spring-boot-starter-security/3.2.8/spring-boot-starter-security-3.2.8.jar:/home/ledilson/.m2/repository/org/springframework/spring-aop/6.1.11/spring-aop-6.1.11.jar:/home/ledilson/.m2/repository/org/springframework/security/spring-security-config/6.2.5/spring-security-config-6.2.5.jar:/home/ledilson/.m2/repository/org/springframework/security/spring-security-web/6.2.5/spring-security-web-6.2.5.jar:/home/ledilson/.m2/repository/org/springframework/security/spring-security-test/6.2.5/spring-security-test-6.2.5.jar:/home/ledilson/.m2/repository/org/springframework/security/spring-security-core/6.2.5/spring-security-core-6.2.5.jar:/home/ledilson/.m2/repository/org/springframework/security/spring-security-crypto/6.2.5/spring-security-crypto-6.2.5.jar:/home/ledilson/.m2/repository/com/auth0/java-jwt/4.4.0/java-jwt-4.4.0.jar:/home/ledilson/.m2/repository/com/fasterxml/jackson/core/jackson-databind/2.15.4/jackson-databind-2.15.4.jar:/home/ledilson/.m2/repository/com/fasterxml/jackson/core/jackson-annotations/2.15.4/jackson-annotations-2.15.4.jar:/home/ledilson/.m2/repository/com/fasterxml/jackson/core/jackson-core/2.15.4/jackson-core-2.15.4.jar:/home/ledilson/.m2/repository/org/projectlombok/lombok/1.18.34/lombok-1.18.34.jar:"/>
    <property name="java.vm.vendor" value="Ubuntu"/>
    <property name="sun.arch.data.model" value="64"/>
    <property name="java.vendor.url" value="https://ubuntu.com/"/>
    <property name="user.timezone" value="America/Sao_Paulo"/>
    <property name="org.jboss.logging.provider" value="slf4j"/>
    <property name="os.name" value="Linux"/>
    <property name="java.vm.specification.version" value="17"/>
    <property name="sun.java.launcher" value="SUN_STANDARD"/>
    <property name="user.country" value="BR"/>
    <property name="sun.boot.library.path" value="/usr/lib/jvm/java-17-openjdk-amd64/lib"/>
    <property name="sun.java.command" value="/home/ledilson/ProjetosJava/project-root/target/surefire/surefirebooter-20240730111101653_3.jar /home/ledilson/ProjetosJava/project-root/target/surefire 2024-07-30T11-11-01_559-jvmRun1 surefire-20240730111101653_1tmp surefire_0-20240730111101653_2tmp"/>
    <property name="jdk.debug" value="release"/>
    <property name="surefire.test.class.path" value="/home/ledilson/ProjetosJava/project-root/target/test-classes:/home/ledilson/ProjetosJava/project-root/target/classes:/home/ledilson/.m2/repository/org/springframework/boot/spring-boot-starter-data-jpa/3.2.8/spring-boot-starter-data-jpa-3.2.8.jar:/home/ledilson/.m2/repository/org/springframework/boot/spring-boot-starter-aop/3.2.8/spring-boot-starter-aop-3.2.8.jar:/home/ledilson/.m2/repository/org/aspectj/aspectjweaver/1.9.22.1/aspectjweaver-1.9.22.1.jar:/home/ledilson/.m2/repository/org/springframework/boot/spring-boot-starter-jdbc/3.2.8/spring-boot-starter-jdbc-3.2.8.jar:/home/ledilson/.m2/repository/com/zaxxer/HikariCP/5.0.1/HikariCP-5.0.1.jar:/home/ledilson/.m2/repository/org/springframework/spring-jdbc/6.1.11/spring-jdbc-6.1.11.jar:/home/ledilson/.m2/repository/org/hibernate/orm/hibernate-core/6.4.9.Final/hibernate-core-6.4.9.Final.jar:/home/ledilson/.m2/repository/jakarta/persistence/jakarta.persistence-api/3.1.0/jakarta.persistence-api-3.1.0.jar:/home/ledilson/.m2/repository/jakarta/transaction/jakarta.transaction-api/2.0.1/jakarta.transaction-api-2.0.1.jar:/home/ledilson/.m2/repository/org/hibernate/common/hibernate-commons-annotations/6.0.6.Final/hibernate-commons-annotations-6.0.6.Final.jar:/home/ledilson/.m2/repository/io/smallrye/jandex/3.1.2/jandex-3.1.2.jar:/home/ledilson/.m2/repository/com/fasterxml/classmate/1.6.0/classmate-1.6.0.jar:/home/ledilson/.m2/repository/net/bytebuddy/byte-buddy/1.14.18/byte-buddy-1.14.18.jar:/home/ledilson/.m2/repository/org/glassfish/jaxb/jaxb-runtime/4.0.5/jaxb-runtime-4.0.5.jar:/home/ledilson/.m2/repository/org/glassfish/jaxb/jaxb-core/4.0.5/jaxb-core-4.0.5.jar:/home/ledilson/.m2/repository/org/eclipse/angus/angus-activation/2.0.2/angus-activation-2.0.2.jar:/home/ledilson/.m2/repository/org/glassfish/jaxb/txw2/4.0.5/txw2-4.0.5.jar:/home/ledilson/.m2/repository/com/sun/istack/istack-commons-runtime/4.1.2/istack-commons-runtime-4.1.2.jar:/home/ledilson/.m2/repository/jakarta/inject/jakarta.inject-api/2.0.1/jakarta.inject-api-2.0.1.jar:/home/ledilson/.m2/repository/org/antlr/antlr4-runtime/4.13.0/antlr4-runtime-4.13.0.jar:/home/ledilson/.m2/repository/org/springframework/data/spring-data-jpa/3.2.8/spring-data-jpa-3.2.8.jar:/home/ledilson/.m2/repository/org/springframework/data/spring-data-commons/3.2.8/spring-data-commons-3.2.8.jar:/home/ledilson/.m2/repository/org/springframework/spring-orm/6.1.11/spring-orm-6.1.11.jar:/home/ledilson/.m2/repository/org/springframework/spring-context/6.1.11/spring-context-6.1.11.jar:/home/ledilson/.m2/repository/org/springframework/spring-tx/6.1.11/spring-tx-6.1.11.jar:/home/ledilson/.m2/repository/org/springframework/spring-beans/6.1.11/spring-beans-6.1.11.jar:/home/ledilson/.m2/repository/jakarta/annotation/jakarta.annotation-api/2.1.1/jakarta.annotation-api-2.1.1.jar:/home/ledilson/.m2/repository/org/slf4j/slf4j-api/2.0.13/slf4j-api-2.0.13.jar:/home/ledilson/.m2/repository/org/springframework/spring-aspects/6.1.11/spring-aspects-6.1.11.jar:/home/ledilson/.m2/repository/org/springframework/boot/spring-boot-starter-web/3.2.8/spring-boot-starter-web-3.2.8.jar:/home/ledilson/.m2/repository/org/springframework/boot/spring-boot-starter/3.2.8/spring-boot-starter-3.2.8.jar:/home/ledilson/.m2/repository/org/springframework/boot/spring-boot-starter-logging/3.2.8/spring-boot-starter-logging-3.2.8.jar:/home/ledilson/.m2/repository/ch/qos/logback/logback-classic/1.4.14/logback-classic-1.4.14.jar:/home/ledilson/.m2/repository/ch/qos/logback/logback-core/1.4.14/logback-core-1.4.14.jar:/home/ledilson/.m2/repository/org/apache/logging/log4j/log4j-to-slf4j/2.21.1/log4j-to-slf4j-2.21.1.jar:/home/ledilson/.m2/repository/org/apache/logging/log4j/log4j-api/2.21.1/log4j-api-2.21.1.jar:/home/ledilson/.m2/repository/org/slf4j/jul-to-slf4j/2.0.13/jul-to-slf4j-2.0.13.jar:/home/ledilson/.m2/repository/org/yaml/snakeyaml/2.2/snakeyaml-2.2.jar:/home/ledilson/.m2/repository/org/springframework/boot/spring-boot-starter-json/3.2.8/spring-boot-starter-json-3.2.8.jar:/home/ledilson/.m2/repository/com/fasterxml/jackson/datatype/jackson-datatype-jdk8/2.15.4/jackson-datatype-jdk8-2.15.4.jar:/home/ledilson/.m2/repository/com/fasterxml/jackson/datatype/jackson-datatype-jsr310/2.15.4/jackson-datatype-jsr310-2.15.4.jar:/home/ledilson/.m2/repository/com/fasterxml/jackson/module/jackson-module-parameter-names/2.15.4/jackson-module-parameter-names-2.15.4.jar:/home/ledilson/.m2/repository/org/springframework/boot/spring-boot-starter-tomcat/3.2.8/spring-boot-starter-tomcat-3.2.8.jar:/home/ledilson/.m2/repository/org/apache/tomcat/embed/tomcat-embed-core/10.1.26/tomcat-embed-core-10.1.26.jar:/home/ledilson/.m2/repository/org/apache/tomcat/embed/tomcat-embed-el/10.1.26/tomcat-embed-el-10.1.26.jar:/home/ledilson/.m2/repository/org/apache/tomcat/embed/tomcat-embed-websocket/10.1.26/tomcat-embed-websocket-10.1.26.jar:/home/ledilson/.m2/repository/org/springframework/spring-web/6.1.11/spring-web-6.1.11.jar:/home/ledilson/.m2/repository/io/micrometer/micrometer-observation/1.12.8/micrometer-observation-1.12.8.jar:/home/ledilson/.m2/repository/io/micrometer/micrometer-commons/1.12.8/micrometer-commons-1.12.8.jar:/home/ledilson/.m2/repository/org/springframework/spring-webmvc/6.1.11/spring-webmvc-6.1.11.jar:/home/ledilson/.m2/repository/org/springframework/spring-expression/6.1.11/spring-expression-6.1.11.jar:/home/ledilson/.m2/repository/org/springframework/boot/spring-boot-devtools/3.2.8/spring-boot-devtools-3.2.8.jar:/home/ledilson/.m2/repository/org/springframework/boot/spring-boot/3.2.8/spring-boot-3.2.8.jar:/home/ledilson/.m2/repository/org/springframework/boot/spring-boot-autoconfigure/3.2.8/spring-boot-autoconfigure-3.2.8.jar:/home/ledilson/.m2/repository/org/hibernate/orm/hibernate-community-dialects/6.4.1.Final/hibernate-community-dialects-6.4.1.Final.jar:/home/ledilson/.m2/repository/org/jboss/logging/jboss-logging/3.5.3.Final/jboss-logging-3.5.3.Final.jar:/home/ledilson/.m2/repository/org/postgresql/postgresql/42.6.2/postgresql-42.6.2.jar:/home/ledilson/.m2/repository/org/checkerframework/checker-qual/3.31.0/checker-qual-3.31.0.jar:/home/ledilson/.m2/repository/org/springframework/boot/spring-boot-starter-test/3.2.8/spring-boot-starter-test-3.2.8.jar:/home/ledilson/.m2/repository/org/springframework/boot/spring-boot-test/3.2.8/spring-boot-test-3.2.8.jar:/home/ledilson/.m2/repository/org/springframework/boot/spring-boot-test-autoconfigure/3.2.8/spring-boot-test-autoconfigure-3.2.8.jar:/home/ledilson/.m2/repository/com/jayway/jsonpath/json-path/2.9.0/json-path-2.9.0.jar:/home/ledilson/.m2/repository/jakarta/xml/bind/jakarta.xml.bind-api/4.0.2/jakarta.xml.bind-api-4.0.2.jar:/home/ledilson/.m2/repository/jakarta/activation/jakarta.activation-api/2.1.3/jakarta.activation-api-2.1.3.jar:/home/ledilson/.m2/repository/net/minidev/json-smart/2.5.1/json-smart-2.5.1.jar:/home/ledilson/.m2/repository/net/minidev/accessors-smart/2.5.1/accessors-smart-2.5.1.jar:/home/ledilson/.m2/repository/org/ow2/asm/asm/9.6/asm-9.6.jar:/home/ledilson/.m2/repository/org/assertj/assertj-core/3.24.2/assertj-core-3.24.2.jar:/home/ledilson/.m2/repository/org/awaitility/awaitility/4.2.1/awaitility-4.2.1.jar:/home/ledilson/.m2/repository/org/hamcrest/hamcrest/2.2/hamcrest-2.2.jar:/home/ledilson/.m2/repository/org/junit/jupiter/junit-jupiter/5.10.3/junit-jupiter-5.10.3.jar:/home/ledilson/.m2/repository/org/junit/jupiter/junit-jupiter-api/5.10.3/junit-jupiter-api-5.10.3.jar:/home/ledilson/.m2/repository/org/opentest4j/opentest4j/1.3.0/opentest4j-1.3.0.jar:/home/ledilson/.m2/repository/org/junit/platform/junit-platform-commons/1.10.3/junit-platform-commons-1.10.3.jar:/home/ledilson/.m2/repository/org/apiguardian/apiguardian-api/1.1.2/apiguardian-api-1.1.2.jar:/home/ledilson/.m2/repository/org/junit/jupiter/junit-jupiter-params/5.10.3/junit-jupiter-params-5.10.3.jar:/home/ledilson/.m2/repository/org/junit/jupiter/junit-jupiter-engine/5.10.3/junit-jupiter-engine-5.10.3.jar:/home/ledilson/.m2/repository/org/junit/platform/junit-platform-engine/1.10.3/junit-platform-engine-1.10.3.jar:/home/ledilson/.m2/repository/org/mockito/mockito-core/5.7.0/mockito-core-5.7.0.jar:/home/ledilson/.m2/repository/net/bytebuddy/byte-buddy-agent/1.14.18/byte-buddy-agent-1.14.18.jar:/home/ledilson/.m2/repository/org/objenesis/objenesis/3.3/objenesis-3.3.jar:/home/ledilson/.m2/repository/org/mockito/mockito-junit-jupiter/5.7.0/mockito-junit-jupiter-5.7.0.jar:/home/ledilson/.m2/repository/org/skyscreamer/jsonassert/1.5.3/jsonassert-1.5.3.jar:/home/ledilson/.m2/repository/com/vaadin/external/google/android-json/0.0.20131108.vaadin1/android-json-0.0.20131108.vaadin1.jar:/home/ledilson/.m2/repository/org/springframework/spring-core/6.1.11/spring-core-6.1.11.jar:/home/ledilson/.m2/repository/org/springframework/spring-jcl/6.1.11/spring-jcl-6.1.11.jar:/home/ledilson/.m2/repository/org/springframework/spring-test/6.1.11/spring-test-6.1.11.jar:/home/ledilson/.m2/repository/org/xmlunit/xmlunit-core/2.9.1/xmlunit-core-2.9.1.jar:/home/ledilson/.m2/repository/org/springdoc/springdoc-openapi-starter-webmvc-ui/2.5.0/springdoc-openapi-starter-webmvc-ui-2.5.0.jar:/home/ledilson/.m2/repository/org/springdoc/springdoc-openapi-starter-webmvc-api/2.5.0/springdoc-openapi-starter-webmvc-api-2.5.0.jar:/home/ledilson/.m2/repository/org/springdoc/springdoc-openapi-starter-common/2.5.0/springdoc-openapi-starter-common-2.5.0.jar:/home/ledilson/.m2/repository/io/swagger/core/v3/swagger-core-jakarta/2.2.21/swagger-core-jakarta-2.2.21.jar:/home/ledilson/.m2/repository/org/apache/commons/commons-lang3/3.13.0/commons-lang3-3.13.0.jar:/home/ledilson/.m2/repository/io/swagger/core/v3/swagger-annotations-jakarta/2.2.21/swagger-annotations-jakarta-2.2.21.jar:/home/ledilson/.m2/repository/io/swagger/core/v3/swagger-models-jakarta/2.2.21/swagger-models-jakarta-2.2.21.jar:/home/ledilson/.m2/repository/jakarta/validation/jakarta.validation-api/3.0.2/jakarta.validation-api-3.0.2.jar:/home/ledilson/.m2/repository/com/fasterxml/jackson/dataformat/jackson-dataformat-yaml/2.15.4/jackson-dataformat-yaml-2.15.4.jar:/home/ledilson/.m2/repository/org/webjars/swagger-ui/5.13.0/swagger-ui-5.13.0.jar:/home/ledilson/.m2/repository/org/springframework/boot/spring-boot-starter-security/3.2.8/spring-boot-starter-security-3.2.8.jar:/home/ledilson/.m2/repository/org/springframework/spring-aop/6.1.11/spring-aop-6.1.11.jar:/home/ledilson/.m2/repository/org/springframework/security/spring-security-config/6.2.5/spring-security-config-6.2.5.jar:/home/ledilson/.m2/repository/org/springframework/security/spring-security-web/6.2.5/spring-security-web-6.2.5.jar:/home/ledilson/.m2/repository/org/springframework/security/spring-security-test/6.2.5/spring-security-test-6.2.5.jar:/home/ledilson/.m2/repository/org/springframework/security/spring-security-core/6.2.5/spring-security-core-6.2.5.jar:/home/ledilson/.m2/repository/org/springframework/security/spring-security-crypto/6.2.5/spring-security-crypto-6.2.5.jar:/home/ledilson/.m2/repository/com/auth0/java-jwt/4.4.0/java-jwt-4.4.0.jar:/home/ledilson/.m2/repository/com/fasterxml/jackson/core/jackson-databind/2.15.4/jackson-databind-2.15.4.jar:/home/ledilson/.m2/repository/com/fasterxml/jackson/core/jackson-annotations/2.15.4/jackson-annotations-2.15.4.jar:/home/ledilson/.m2/repository/com/fasterxml/jackson/core/jackson-core/2.15.4/jackson-core-2.15.4.jar:/home/ledilson/.m2/repository/org/projectlombok/lombok/1.18.34/lombok-1.18.34.jar:"/>
    <property name="sun.cpu.endian" value="little"/>
    <property name="user.home" value="/home/ledilson"/>
    <property name="user.language" value="pt"/>
    <property name="java.specification.vendor" value="Oracle Corporation"/>
    <property name="java.version.date" value="2024-04-16"/>
    <property name="java.home" value="/usr/lib/jvm/java-17-openjdk-amd64"/>
    <property name="file.separator" value="/"/>
    <property name="basedir" value="/home/ledilson/ProjetosJava/project-root"/>
    <property name="java.vm.compressedOopsMode" value="32-bit"/>
    <property name="line.separator" value="&#10;"/>
    <property name="java.specification.name" value="Java Platform API Specification"/>
    <property name="java.vm.specification.vendor" value="Oracle Corporation"/>
    <property name="FILE_LOG_CHARSET" value="UTF-8"/>
    <property name="java.awt.headless" value="true"/>
    <property name="surefire.real.class.path" value="/home/ledilson/ProjetosJava/project-root/target/surefire/surefirebooter-20240730111101653_3.jar"/>
    <property name="sun.management.compiler" value="HotSpot 64-Bit Tiered Compilers"/>
    <property name="java.runtime.version" value="17.0.11+9-Ubuntu-1"/>
    <property name="user.name" value="ledilson"/>
    <property name="path.separator" value=":"/>
    <property name="os.version" value="6.8.0-39-generic"/>
    <property name="java.runtime.name" value="OpenJDK Runtime Environment"/>
    <property name="file.encoding" value="UTF-8"/>
    <property name="java.vm.name" value="OpenJDK 64-Bit Server VM"/>
    <property name="localRepository" value="/home/ledilson/.m2/repository"/>
    <property name="java.vendor.url.bug" value="https://bugs.launchpad.net/ubuntu/+source/openjdk-17"/>
    <property name="java.io.tmpdir" value="/tmp"/>
    <property name="com.zaxxer.hikari.pool_number" value="1"/>
    <property name="java.version" value="17.0.11"/>
    <property name="user.dir" value="/home/ledilson/ProjetosJava/project-root"/>
    <property name="os.arch" value="amd64"/>
    <property name="java.vm.specification.name" value="Java Virtual Machine Specification"/>
    <property name="PID" value="23899"/>
    <property name="CONSOLE_LOG_CHARSET" value="UTF-8"/>
    <property name="native.encoding" value="UTF-8"/>
    <property name="java.library.path" value="/usr/java/packages/lib:/usr/lib/x86_64-linux-gnu/jni:/lib/x86_64-linux-gnu:/usr/lib/x86_64-linux-gnu:/usr/lib/jni:/lib:/usr/lib"/>
    <property name="java.vm.info" value="mixed mode, sharing"/>
    <property name="java.vendor" value="Ubuntu"/>
    <property name="java.vm.version" value="17.0.11+9-Ubuntu-1"/>
    <property name="sun.io.unicode.encoding" value="UnicodeLittle"/>
    <property name="java.class.version" value="61.0"/>
  </properties>
  <testcase name="contextLoads" classname="com.crud.project_root.ProjectRootApplicationTests" time="0.488">
    <system-out><![CDATA[11:11:02.661 [main] INFO org.springframework.test.context.support.AnnotationConfigContextLoaderUtils -- Could not detect default configuration classes for test class [com.crud.project_root.ProjectRootApplicationTests]: ProjectRootApplicationTests does not declare any static, non-private, non-final, nested classes annotated with @Configuration.
11:11:02.818 [main] INFO org.springframework.boot.test.context.SpringBootTestContextBootstrapper -- Found @SpringBootConfiguration com.crud.project_root.App for test class com.crud.project_root.ProjectRootApplicationTests
11:11:03.016 [main] INFO org.springframework.boot.devtools.restart.RestartApplicationListener -- Restart disabled due to context in which it is running

  .   ____          _            __ _ _
 /\\ / ___'_ __ _ _(_)_ __  __ _ \ \ \ \
( ( )\___ | '_ | '_| | '_ \/ _` | \ \ \ \
 \\/  ___)| |_)| | | | | || (_| |  ) ) ) )
  '  |____| .__|_| |_|_| |_\__, | / / / /
 =========|_|==============|___/=/_/_/_/
 :: Spring Boot ::                (v3.2.8)

2024-07-30T11:11:03.315-03:00  INFO 23899 --- [           main] c.c.p.ProjectRootApplicationTests        : Starting ProjectRootApplicationTests using Java 17.0.11 with PID 23899 (started by ledilson in /home/ledilson/ProjetosJava/project-root)
2024-07-30T11:11:03.317-03:00  INFO 23899 --- [           main] c.c.p.ProjectRootApplicationTests        : No active profile set, falling back to 1 default profile: "default"
2024-07-30T11:11:04.472-03:00  INFO 23899 --- [           main] .s.d.r.c.RepositoryConfigurationDelegate : Bootstrapping Spring Data JPA repositories in DEFAULT mode.
2024-07-30T11:11:04.560-03:00  INFO 23899 --- [           main] .s.d.r.c.RepositoryConfigurationDelegate : Finished Spring Data repository scanning in 80 ms. Found 2 JPA repository interfaces.
2024-07-30T11:11:05.234-03:00  INFO 23899 --- [           main] o.hibernate.jpa.internal.util.LogHelper  : HHH000204: Processing PersistenceUnitInfo [name: default]
2024-07-30T11:11:05.283-03:00  INFO 23899 --- [           main] org.hibernate.Version                    : HHH000412: Hibernate ORM core version 6.4.9.Final
2024-07-30T11:11:05.322-03:00  INFO 23899 --- [           main] o.h.c.internal.RegionFactoryInitiator    : HHH000026: Second-level cache disabled
2024-07-30T11:11:05.555-03:00  INFO 23899 --- [           main] o.s.o.j.p.SpringPersistenceUnitInfo      : No LoadTimeWeaver setup: ignoring JPA class transformer
2024-07-30T11:11:05.711-03:00  INFO 23899 --- [           main] com.zaxxer.hikari.HikariDataSource       : HikariPool-1 - Starting...
2024-07-30T11:11:06.113-03:00  INFO 23899 --- [           main] com.zaxxer.hikari.pool.HikariPool        : HikariPool-1 - Added connection org.postgresql.jdbc.PgConnection@38a38ed4
2024-07-30T11:11:06.115-03:00  INFO 23899 --- [           main] com.zaxxer.hikari.HikariDataSource       : HikariPool-1 - Start completed.
2024-07-30T11:11:06.153-03:00  WARN 23899 --- [           main] org.hibernate.orm.deprecation            : HHH90000025: PostgreSQLDialect does not need to be specified explicitly using 'hibernate.dialect' (remove the property setting and it will be selected by default)
2024-07-30T11:11:07.060-03:00  INFO 23899 --- [           main] o.h.e.t.j.p.i.JtaPlatformInitiator       : HHH000489: No JTA platform available (set 'hibernate.transaction.jta.platform' to enable JTA platform integration)
2024-07-30T11:11:07.104-03:00  INFO 23899 --- [           main] j.LocalContainerEntityManagerFactoryBean : Initialized JPA EntityManagerFactory for persistence unit 'default'
2024-07-30T11:11:07.662-03:00  WARN 23899 --- [           main] JpaBaseConfiguration$JpaWebConfiguration : spring.jpa.open-in-view is enabled by default. Therefore, database queries may be performed during view rendering. Explicitly configure spring.jpa.open-in-view to disable this warning
2024-07-30T11:11:07.981-03:00  INFO 23899 --- [           main] o.s.s.web.DefaultSecurityFilterChain     : Will secure any request with [org.springframework.security.web.session.DisableEncodeUrlFilter@a5df98c, org.springframework.security.web.context.request.async.WebAsyncManagerIntegrationFilter@5f1dadf4, org.springframework.security.web.context.SecurityContextHolderFilter@4138af7, org.springframework.security.web.header.HeaderWriterFilter@37f0fb02, org.springframework.web.filter.CorsFilter@d15f031, org.springframework.security.web.authentication.logout.LogoutFilter@524b1e41, com.crud.project_root.infra.security.SecurityFilter@ff12b53, org.springframework.security.web.savedrequest.RequestCacheAwareFilter@64dfa1a3, org.springframework.security.web.servletapi.SecurityContextHolderAwareRequestFilter@5692863, org.springframework.security.web.authentication.AnonymousAuthenticationFilter@45dfb6a4, org.springframework.security.web.session.SessionManagementFilter@363d29dd, org.springframework.security.web.access.ExceptionTranslationFilter@30a79476, org.springframework.security.web.access.intercept.AuthorizationFilter@43d2c8e3]
2024-07-30T11:11:08.421-03:00  INFO 23899 --- [           main] c.c.p.ProjectRootApplicationTests        : Started ProjectRootApplicationTests in 5.419 seconds (process running for 6.696)
]]></system-out>
  </testcase>
</testsuite>